SF:lib/app.dart
DA:9,1
DA:11,1
DA:13,1
DA:15,1
LF:4
LH:4
end_of_record
SF:lib/core/router/app_router.dart
DA:14,1
DA:15,1
DA:16,1
DA:17,2
DA:19,0
DA:20,0
LF:6
LH:4
end_of_record
SF:lib/core/theme/app_theme.dart
DA:6,3
DA:9,1
DA:10,1
DA:11,1
DA:12,1
DA:13,1
DA:14,1
DA:15,1
DA:16,1
DA:17,1
DA:32,5
DA:33,1
DA:34,1
DA:37,3
DA:38,2
DA:41,3
DA:42,3
DA:45,3
DA:46,3
DA:49,3
DA:50,3
DA:53,3
DA:56,2
DA:59,3
DA:60,1
DA:61,1
DA:66,3
DA:68,1
LF:28
LH:28
end_of_record
SF:lib/core/constants/app_strings.dart
DA:10,0
LF:1
LH:0
end_of_record
SF:lib/features/property_search/presentation/pages/home_page.dart
DA:8,1
DA:10,1
DA:12,1
DA:13,1
LF:4
LH:4
end_of_record
